<?xml version="1.0" encoding="UTF-8"?>
<coverage generated="1771054032738" clover="3.2.0">
  <project timestamp="1771054032738" name="All files">
    <metrics statements="10223" coveredstatements="6763" conditionals="8150" coveredconditionals="4767" methods="1749" coveredmethods="1026" elements="20122" coveredelements="12556" complexity="0" loc="10223" ncloc="10223" packages="41" files="243" classes="243"/>
    <package name="src">
      <metrics statements="14" coveredstatements="12" conditionals="0" coveredconditionals="0" methods="2" coveredmethods="0"/>
      <file name="constants.ts" path="/Users/toni.steimle/Documents/Dev/Mirror/src/constants.ts">
        <metrics statements="13" coveredstatements="11" conditionals="0" coveredconditionals="0" methods="2" coveredmethods="0"/>
        <line num="7" count="53" type="stmt"/>
        <line num="17" count="53" type="stmt"/>
        <line num="24" count="53" type="stmt"/>
        <line num="30" count="53" type="stmt"/>
        <line num="38" count="53" type="stmt"/>
        <line num="46" count="53" type="stmt"/>
        <line num="58" count="53" type="stmt"/>
        <line num="65" count="53" type="stmt"/>
        <line num="71" count="53" type="stmt"/>
        <line num="80" count="0" type="stmt"/>
        <line num="83" count="53" type="stmt"/>
        <line num="86" count="0" type="stmt"/>
        <line num="91" count="53" type="stmt"/>
      </file>
      <file name="theme.ts" path="/Users/toni.steimle/Documents/Dev/Mirror/src/theme.ts">
        <metrics statements="1" coveredstatements="1" conditionals="0" coveredconditionals="0" methods="0" coveredmethods="0"/>
        <line num="3" count="10" type="stmt"/>
      </file>
    </package>
    <package name="src.__tests__">
      <metrics statements="72" coveredstatements="5" conditionals="54" coveredconditionals="3" methods="20" coveredmethods="2"/>
      <file name="test-utils.ts" path="/Users/toni.steimle/Documents/Dev/Mirror/src/__tests__/test-utils.ts">
        <metrics statements="72" coveredstatements="5" conditionals="54" coveredconditionals="3" methods="20" coveredmethods="2"/>
        <line num="15" count="32" type="cond" truecount="1" falsecount="1"/>
        <line num="16" count="32" type="cond" truecount="1" falsecount="1"/>
        <line num="18" count="0" type="stmt"/>
        <line num="25" count="0" type="cond" truecount="0" falsecount="2"/>
        <line num="26" count="0" type="stmt"/>
        <line num="28" count="0" type="stmt"/>
        <line num="35" count="0" type="cond" truecount="0" falsecount="2"/>
        <line num="36" count="0" type="stmt"/>
        <line num="37" count="0" type="cond" truecount="0" falsecount="2"/>
        <line num="38" count="0" type="cond" truecount="0" falsecount="2"/>
        <line num="40" count="0" type="stmt"/>
        <line num="47" count="0" type="cond" truecount="0" falsecount="2"/>
        <line num="48" count="0" type="cond" truecount="0" falsecount="2"/>
        <line num="49" count="0" type="cond" truecount="0" falsecount="4"/>
        <line num="50" count="0" type="cond" truecount="0" falsecount="2"/>
        <line num="51" count="0" type="stmt"/>
        <line num="53" count="0" type="cond" truecount="0" falsecount="2"/>
        <line num="54" count="0" type="stmt"/>
        <line num="55" count="0" type="stmt"/>
        <line num="57" count="0" type="stmt"/>
        <line num="64" count="32" type="stmt"/>
        <line num="65" count="32" type="stmt"/>
        <line num="66" count="32" type="cond" truecount="1" falsecount="1"/>
        <line num="73" count="0" type="stmt"/>
        <line num="74" count="0" type="stmt"/>
        <line num="75" count="0" type="cond" truecount="0" falsecount="2"/>
        <line num="82" count="0" type="stmt"/>
        <line num="83" count="0" type="cond" truecount="0" falsecount="2"/>
        <line num="90" count="0" type="stmt"/>
        <line num="91" count="0" type="stmt"/>
        <line num="98" count="0" type="stmt"/>
        <line num="99" count="0" type="stmt"/>
        <line num="100" count="0" type="cond" truecount="0" falsecount="2"/>
        <line num="101" count="0" type="stmt"/>
        <line num="108" count="0" type="cond" truecount="0" falsecount="2"/>
        <line num="110" count="0" type="stmt"/>
        <line num="111" count="0" type="stmt"/>
        <line num="112" count="0" type="stmt"/>
        <line num="113" count="0" type="cond" truecount="0" falsecount="2"/>
        <line num="116" count="0" type="stmt"/>
        <line num="127" count="0" type="stmt"/>
        <line num="128" count="0" type="cond" truecount="0" falsecount="2"/>
        <line num="129" count="0" type="stmt"/>
        <line num="138" count="0" type="stmt"/>
        <line num="139" count="0" type="stmt"/>
        <line num="140" count="0" type="stmt"/>
        <line num="151" count="0" type="stmt"/>
        <line num="152" count="0" type="stmt"/>
        <line num="153" count="0" type="stmt"/>
        <line num="163" count="0" type="stmt"/>
        <line num="164" count="0" type="stmt"/>
        <line num="171" count="0" type="stmt"/>
        <line num="181" count="0" type="stmt"/>
        <line num="183" count="0" type="cond" truecount="0" falsecount="2"/>
        <line num="184" count="0" type="stmt"/>
        <line num="187" count="0" type="stmt"/>
        <line num="188" count="0" type="stmt"/>
        <line num="189" count="0" type="stmt"/>
        <line num="192" count="0" type="stmt"/>
        <line num="202" count="0" type="cond" truecount="0" falsecount="2"/>
        <line num="204" count="0" type="stmt"/>
        <line num="205" count="0" type="stmt"/>
        <line num="206" count="0" type="stmt"/>
        <line num="207" count="0" type="cond" truecount="0" falsecount="2"/>
        <line num="210" count="0" type="stmt"/>
        <line num="221" count="0" type="stmt"/>
        <line num="222" count="0" type="stmt"/>
        <line num="229" count="0" type="cond" truecount="0" falsecount="2"/>
        <line num="230" count="0" type="stmt"/>
        <line num="231" count="0" type="cond" truecount="0" falsecount="2"/>
        <line num="232" count="0" type="cond" truecount="0" falsecount="4"/>
        <line num="234" count="0" type="stmt"/>
      </file>
    </package>
    <package name="src.__tests__.fixtures">
      <metrics statements="17" coveredstatements="10" conditionals="0" coveredconditionals="0" methods="1" coveredmethods="0"/>
      <file name="dsl-examples.ts" path="/Users/toni.steimle/Documents/Dev/Mirror/src/__tests__/fixtures/dsl-examples.ts">
        <metrics statements="4" coveredstatements="4" conditionals="0" coveredconditionals="0" methods="0" coveredmethods="0"/>
        <line num="11" count="1" type="stmt"/>
        <line num="94" count="1" type="stmt"/>
        <line num="234" count="1" type="stmt"/>
        <line num="251" count="1" type="stmt"/>
      </file>
      <file name="index.ts" path="/Users/toni.steimle/Documents/Dev/Mirror/src/__tests__/fixtures/index.ts">
        <metrics statements="0" coveredstatements="0" conditionals="0" coveredconditionals="0" methods="0" coveredmethods="0"/>
      </file>
      <file name="llm-responses.ts" path="/Users/toni.steimle/Documents/Dev/Mirror/src/__tests__/fixtures/llm-responses.ts">
        <metrics statements="10" coveredstatements="3" conditionals="0" coveredconditionals="0" methods="1" coveredmethods="0"/>
        <line num="11" count="1" type="stmt"/>
        <line num="227" count="1" type="stmt"/>
        <line num="316" count="0" type="stmt"/>
        <line num="317" count="0" type="stmt"/>
        <line num="318" count="0" type="stmt"/>
        <line num="321" count="0" type="stmt"/>
        <line num="322" count="0" type="stmt"/>
        <line num="323" count="0" type="stmt"/>
        <line num="326" count="0" type="stmt"/>
        <line num="329" count="1" type="stmt"/>
      </file>
      <file name="tokens.ts" path="/Users/toni.steimle/Documents/Dev/Mirror/src/__tests__/fixtures/tokens.ts">
        <metrics statements="3" coveredstatements="3" conditionals="0" coveredconditionals="0" methods="0" coveredmethods="0"/>
        <line num="11" count="1" type="stmt"/>
        <line num="63" count="1" type="stmt"/>
        <line num="111" count="1" type="stmt"/>
      </file>
    </package>
    <package name="src.__tests__.kit">
      <metrics statements="155" coveredstatements="90" conditionals="89" coveredconditionals="44" methods="103" coveredmethods="58"/>
      <file name="ast-builders.ts" path="/Users/toni.steimle/Documents/Dev/Mirror/src/__tests__/kit/ast-builders.ts">
        <metrics statements="40" coveredstatements="32" conditionals="40" coveredconditionals="34" methods="28" coveredmethods="25"/>
        <line num="26" count="172" type="stmt"/>
        <line num="38" count="29" type="stmt"/>
        <line num="40" count="49" type="stmt"/>
        <line num="42" count="34" type="stmt"/>
        <line num="44" count="6" type="stmt"/>
        <line num="46" count="4" type="stmt"/>
        <line num="48" count="13" type="stmt"/>
        <line num="50" count="6" type="stmt"/>
        <line num="52" count="3" type="stmt"/>
        <line num="54" count="8" type="stmt"/>
        <line num="56" count="2" type="stmt"/>
        <line num="58" count="23" type="stmt"/>
        <line num="60" count="0" type="stmt"/>
        <line num="62" count="23" type="stmt"/>
        <line num="64" count="1" type="stmt"/>
        <line num="75" count="338" type="stmt"/>
        <line num="93" count="13" type="stmt"/>
        <line num="110" count="8" type="stmt"/>
        <line num="125" count="0" type="stmt"/>
        <line num="138" count="8" type="stmt"/>
        <line num="153" count="68" type="stmt"/>
        <line num="160" count="6" type="stmt"/>
        <line num="167" count="6" type="stmt"/>
        <line num="174" count="5" type="stmt"/>
        <line num="185" count="10" type="stmt"/>
        <line num="201" count="3" type="stmt"/>
        <line num="216" count="0" type="stmt"/>
        <line num="217" count="0" type="stmt"/>
        <line num="225" count="44" type="stmt"/>
        <line num="239" count="3" type="stmt"/>
        <line num="241" count="3" type="cond" truecount="1" falsecount="1"/>
        <line num="242" count="3" type="stmt"/>
        <line num="243" count="3" type="stmt"/>
        <line num="247" count="3" type="cond" truecount="1" falsecount="1"/>
        <line num="248" count="0" type="stmt"/>
        <line num="249" count="0" type="stmt"/>
        <line num="253" count="3" type="cond" truecount="1" falsecount="1"/>
        <line num="254" count="0" type="stmt"/>
        <line num="255" count="0" type="stmt"/>
        <line num="259" count="3" type="stmt"/>
      </file>
      <file name="builder.ts" path="/Users/toni.steimle/Documents/Dev/Mirror/src/__tests__/kit/builder.ts">
        <metrics statements="86" coveredstatements="31" conditionals="45" coveredconditionals="6" methods="36" coveredmethods="15"/>
        <line num="32" count="5" type="stmt"/>
        <line num="33" count="5" type="cond" truecount="2" falsecount="0"/>
        <line num="35" count="5" type="stmt"/>
        <line num="45" count="2" type="stmt"/>
        <line num="46" count="6" type="stmt"/>
        <line num="48" count="2" type="stmt"/>
        <line num="49" count="6" type="stmt"/>
        <line num="50" count="6" type="stmt"/>
        <line num="59" count="0" type="stmt"/>
        <line num="60" count="0" type="stmt"/>
        <line num="62" count="0" type="stmt"/>
        <line num="63" count="0" type="stmt"/>
        <line num="64" count="0" type="stmt"/>
        <line num="73" count="4" type="stmt"/>
        <line num="75" count="4" type="cond" truecount="1" falsecount="1"/>
        <line num="76" count="4" type="stmt"/>
        <line num="77" count="4" type="stmt"/>
        <line num="78" count="4" type="cond" truecount="1" falsecount="1"/>
        <line num="79" count="4" type="cond" truecount="1" falsecount="1"/>
        <line num="80" count="4" type="stmt"/>
        <line num="82" count="4" type="stmt"/>
        <line num="83" count="4" type="cond" truecount="1" falsecount="1"/>
        <line num="84" count="4" type="stmt"/>
        <line num="86" count="0" type="stmt"/>
        <line num="97" count="3" type="stmt"/>
        <line num="99" count="0" type="stmt"/>
        <line num="100" count="0" type="stmt"/>
        <line num="103" count="0" type="stmt"/>
        <line num="104" count="0" type="stmt"/>
        <line num="105" count="0" type="stmt"/>
        <line num="106" count="0" type="stmt"/>
        <line num="111" count="3" type="stmt"/>
        <line num="112" count="3" type="stmt"/>
        <line num="115" count="3" type="stmt"/>
        <line num="116" count="3" type="stmt"/>
        <line num="117" count="3" type="stmt"/>
        <line num="118" count="3" type="stmt"/>
        <line num="119" count="3" type="stmt"/>
        <line num="123" count="0" type="stmt"/>
        <line num="131" count="1" type="stmt"/>
        <line num="133" count="1" type="stmt"/>
        <line num="134" count="1" type="stmt"/>
        <line num="135" count="1" type="stmt"/>
        <line num="136" count="1" type="stmt"/>
        <line num="150" count="0" type="stmt"/>
        <line num="152" count="0" type="stmt"/>
        <line num="153" count="0" type="stmt"/>
        <line num="154" count="0" type="stmt"/>
        <line num="155" count="0" type="cond" truecount="0" falsecount="2"/>
        <line num="156" count="0" type="cond" truecount="0" falsecount="2"/>
        <line num="157" count="0" type="stmt"/>
        <line num="159" count="0" type="stmt"/>
        <line num="160" count="0" type="stmt"/>
        <line num="166" count="0" type="stmt"/>
        <line num="167" count="0" type="stmt"/>
        <line num="168" count="0" type="stmt"/>
        <line num="169" count="0" type="cond" truecount="0" falsecount="2"/>
        <line num="170" count="0" type="cond" truecount="0" falsecount="2"/>
        <line num="171" count="0" type="stmt"/>
        <line num="173" count="0" type="stmt"/>
        <line num="174" count="0" type="stmt"/>
        <line num="186" count="0" type="stmt"/>
        <line num="188" count="0" type="stmt"/>
        <line num="193" count="0" type="cond" truecount="0" falsecount="2"/>
        <line num="195" count="0" type="cond" truecount="0" falsecount="2"/>
        <line num="196" count="0" type="stmt"/>
        <line num="197" count="0" type="stmt"/>
        <line num="198" count="0" type="stmt"/>
        <line num="200" count="0" type="stmt"/>
        <line num="207" count="0" type="stmt"/>
        <line num="208" count="0" type="cond" truecount="0" falsecount="2"/>
        <line num="209" count="0" type="stmt"/>
        <line num="211" count="0" type="stmt"/>
        <line num="216" count="0" type="stmt"/>
        <line num="218" count="0" type="stmt"/>
        <line num="223" count="0" type="cond" truecount="0" falsecount="2"/>
        <line num="225" count="0" type="stmt"/>
        <line num="226" count="0" type="stmt"/>
        <line num="227" count="0" type="stmt"/>
        <line num="228" count="0" type="cond" truecount="0" falsecount="3"/>
        <line num="231" count="0" type="cond" truecount="0" falsecount="2"/>
        <line num="233" count="0" type="stmt"/>
        <line num="240" count="0" type="stmt"/>
        <line num="241" count="0" type="cond" truecount="0" falsecount="2"/>
        <line num="242" count="0" type="stmt"/>
        <line num="244" count="0" type="stmt"/>
      </file>
      <file name="editor.ts" path="/Users/toni.steimle/Documents/Dev/Mirror/src/__tests__/kit/editor.ts">
        <metrics statements="0" coveredstatements="0" conditionals="0" coveredconditionals="0" methods="0" coveredmethods="0"/>
      </file>
      <file name="factories.ts" path="/Users/toni.steimle/Documents/Dev/Mirror/src/__tests__/kit/factories.ts">
        <metrics statements="16" coveredstatements="14" conditionals="2" coveredconditionals="2" methods="30" coveredmethods="9"/>
        <line num="12" count="99" type="stmt"/>
        <line num="14" count="99" type="stmt"/>
        <line num="15" count="593" type="stmt"/>
        <line num="16" count="593" type="cond" truecount="2" falsecount="0"/>
        <line num="17" count="245" type="stmt"/>
        <line num="21" count="99" type="stmt"/>
        <line num="29" count="11" type="stmt"/>
        <line num="45" count="12" type="stmt"/>
        <line num="51" count="0" type="stmt"/>
        <line num="62" count="7" type="stmt"/>
        <line num="72" count="17" type="stmt"/>
        <line num="80" count="0" type="stmt"/>
        <line num="87" count="17" type="stmt"/>
        <line num="97" count="11" type="stmt"/>
        <line num="107" count="11" type="stmt"/>
        <line num="118" count="13" type="stmt"/>
      </file>
      <file name="index.ts" path="/Users/toni.steimle/Documents/Dev/Mirror/src/__tests__/kit/index.ts">
        <metrics statements="0" coveredstatements="0" conditionals="0" coveredconditionals="0" methods="0" coveredmethods="0"/>
      </file>
      <file name="mocks.tsx" path="/Users/toni.steimle/Documents/Dev/Mirror/src/__tests__/kit/mocks.tsx">
        <metrics statements="6" coveredstatements="6" conditionals="0" coveredconditionals="0" methods="6" coveredmethods="6"/>
        <line num="9" count="14" type="stmt"/>
        <line num="11" count="22" type="stmt"/>
        <line num="14" count="2" type="stmt"/>
        <line num="20" count="14" type="stmt"/>
        <line num="29" count="14" type="stmt"/>
        <line num="38" count="14" type="stmt"/>
      </file>
      <file name="render.tsx" path="/Users/toni.steimle/Documents/Dev/Mirror/src/__tests__/kit/render.tsx">
        <metrics statements="7" coveredstatements="7" conditionals="2" coveredconditionals="2" methods="3" coveredmethods="3"/>
        <line num="23" count="11" type="stmt"/>
        <line num="28" count="11" type="stmt"/>
        <line num="43" count="5" type="stmt"/>
        <line num="44" count="54" type="stmt"/>
        <line num="45" count="54" type="stmt"/>
        <line num="47" count="54" type="cond" truecount="2" falsecount="0"/>
        <line num="51" count="54" type="stmt"/>
      </file>
    </package>
    <package name="src.components">
      <metrics statements="327" coveredstatements="174" conditionals="318" coveredconditionals="142" methods="123" coveredmethods="69"/>
      <file name="EditorPanel.tsx" path="/Users/toni.steimle/Documents/Dev/Mirror/src/components/EditorPanel.tsx">
        <metrics statements="163" coveredstatements="47" conditionals="181" coveredconditionals="44" methods="51" coveredmethods="15"/>
        <line num="46" count="2" type="stmt"/>
        <line num="71" count="11" type="stmt"/>
        <line num="72" count="11" type="stmt"/>
        <line num="73" count="11" type="stmt"/>
        <line num="74" count="11" type="stmt"/>
        <line num="75" count="11" type="stmt"/>
        <line num="78" count="11" type="stmt"/>
        <line num="79" count="11" type="cond" truecount="2" falsecount="2"/>
        <line num="80" count="0" type="stmt"/>
        <line num="81" count="0" type="stmt"/>
        <line num="86" count="11" type="stmt"/>
        <line num="87" count="11" type="stmt"/>
        <line num="89" count="11" type="stmt"/>
        <line num="90" count="11" type="stmt"/>
        <line num="91" count="3" type="cond" truecount="1" falsecount="1"/>
        <line num="92" count="0" type="stmt"/>
        <line num="95" count="11" type="stmt"/>
        <line num="96" count="11" type="stmt"/>
        <line num="99" count="11" type="stmt"/>
        <line num="100" count="0" type="stmt"/>
        <line num="101" count="0" type="stmt"/>
        <line num="104" count="11" type="stmt"/>
        <line num="105" count="0" type="cond" truecount="0" falsecount="5"/>
        <line num="106" count="0" type="stmt"/>
        <line num="108" count="0" type="stmt"/>
        <line num="109" count="0" type="stmt"/>
        <line num="112" count="11" type="stmt"/>
        <line num="113" count="0" type="cond" truecount="0" falsecount="2"/>
        <line num="114" count="0" type="stmt"/>
        <line num="115" count="0" type="cond" truecount="0" falsecount="2"/>
        <line num="116" count="0" type="stmt"/>
        <line num="117" count="0" type="stmt"/>
        <line num="121" count="11" type="stmt"/>
        <line num="122" count="0" type="stmt"/>
        <line num="123" count="0" type="cond" truecount="0" falsecount="2"/>
        <line num="124" count="0" type="stmt"/>
        <line num="125" count="0" type="cond" truecount="0" falsecount="4"/>
        <line num="126" count="0" type="stmt"/>
        <line num="131" count="11" type="stmt"/>
        <line num="132" count="0" type="cond" truecount="0" falsecount="2"/>
        <line num="133" count="0" type="cond" truecount="0" falsecount="2"/>
        <line num="134" count="0" type="stmt"/>
        <line num="138" count="11" type="stmt"/>
        <line num="139" count="44" type="stmt"/>
        <line num="140" count="44" type="stmt"/>
        <line num="141" count="44" type="stmt"/>
        <line num="142" count="44" type="cond" truecount="1" falsecount="1"/>
        <line num="144" count="44" type="stmt"/>
        <line num="148" count="11" type="stmt"/>
        <line num="149" count="11" type="stmt"/>
        <line num="150" count="11" type="stmt"/>
        <line num="151" count="11" type="stmt"/>
        <line num="154" count="11" type="cond" truecount="2" falsecount="0"/>
        <line num="158" count="11" type="cond" truecount="2" falsecount="0"/>
        <line num="164" count="11" type="stmt"/>
        <line num="167" count="11" type="stmt"/>
        <line num="170" count="11" type="stmt"/>
        <line num="171" count="11" type="stmt"/>
        <line num="172" count="11" type="stmt"/>
        <line num="175" count="11" type="stmt"/>
        <line num="178" count="11" type="stmt"/>
        <line num="179" count="0" type="cond" truecount="0" falsecount="4"/>
        <line num="181" count="0" type="stmt"/>
        <line num="182" count="0" type="stmt"/>
        <line num="184" count="0" type="stmt"/>
        <line num="191" count="0" type="cond" truecount="0" falsecount="4"/>
        <line num="196" count="0" type="stmt"/>
        <line num="201" count="0" type="cond" truecount="0" falsecount="2"/>
        <line num="202" count="0" type="stmt"/>
        <line num="205" count="0" type="cond" truecount="0" falsecount="4"/>
        <line num="207" count="0" type="stmt"/>
        <line num="208" count="0" type="stmt"/>
        <line num="211" count="0" type="cond" truecount="0" falsecount="2"/>
        <line num="212" count="0" type="cond" truecount="0" falsecount="2"/>
        <line num="214" count="0" type="cond" truecount="0" falsecount="4"/>
        <line num="215" count="0" type="stmt"/>
        <line num="216" count="0" type="stmt"/>
        <line num="219" count="0" type="cond" truecount="0" falsecount="2"/>
        <line num="224" count="0" type="stmt"/>
        <line num="225" count="0" type="stmt"/>
        <line num="228" count="0" type="stmt"/>
        <line num="229" count="0" type="cond" truecount="0" falsecount="2"/>
        <line num="230" count="0" type="stmt"/>
        <line num="232" count="0" type="stmt"/>
        <line num="237" count="11" type="stmt"/>
        <line num="238" count="0" type="stmt"/>
        <line num="240" count="0" type="stmt"/>
        <line num="244" count="11" type="stmt"/>
        <line num="245" count="0" type="cond" truecount="0" falsecount="6"/>
        <line num="246" count="0" type="stmt"/>
        <line num="247" count="0" type="stmt"/>
        <line num="252" count="11" type="stmt"/>
        <line num="253" count="0" type="cond" truecount="0" falsecount="5"/>
        <line num="255" count="0" type="stmt"/>
        <line num="256" count="0" type="stmt"/>
        <line num="257" count="0" type="stmt"/>
        <line num="258" count="0" type="cond" truecount="0" falsecount="4"/>
        <line num="260" count="0" type="stmt"/>
        <line num="261" count="0" type="stmt"/>
        <line num="262" count="0" type="cond" truecount="0" falsecount="2"/>
        <line num="263" count="0" type="stmt"/>
        <line num="266" count="0" type="stmt"/>
        <line num="267" count="0" type="cond" truecount="0" falsecount="2"/>
        <line num="268" count="0" type="stmt"/>
        <line num="270" count="0" type="stmt"/>
        <line num="274" count="11" type="stmt"/>
        <line num="295" count="1" type="stmt"/>
        <line num="300" count="1" type="stmt"/>
        <line num="305" count="1" type="stmt"/>
        <line num="310" count="0" type="stmt"/>
        <line num="331" count="0" type="stmt"/>
        <line num="352" count="0" type="stmt"/>
        <line num="373" count="0" type="stmt"/>
        <line num="380" count="0" type="stmt"/>
        <line num="387" count="0" type="stmt"/>
        <line num="394" count="0" type="stmt"/>
        <line num="404" count="0" type="cond" truecount="3" falsecount="3"/>
        <line num="439" count="0" type="stmt"/>
        <line num="489" count="44" type="stmt"/>
        <line num="526" count="0" type="stmt"/>
        <line num="577" count="0" type="stmt"/>
        <line num="578" count="0" type="stmt"/>
        <line num="579" count="0" type="stmt"/>
        <line num="580" count="0" type="stmt"/>
        <line num="582" count="0" type="stmt"/>
        <line num="583" count="0" type="cond" truecount="0" falsecount="4"/>
        <line num="584" count="0" type="stmt"/>
        <line num="585" count="0" type="stmt"/>
        <line num="589" count="0" type="stmt"/>
        <line num="590" count="0" type="cond" truecount="0" falsecount="2"/>
        <line num="591" count="0" type="stmt"/>
        <line num="592" count="0" type="stmt"/>
        <line num="596" count="0" type="stmt"/>
        <line num="597" count="0" type="cond" truecount="0" falsecount="5"/>
        <line num="598" count="0" type="stmt"/>
        <line num="600" count="0" type="stmt"/>
        <line num="601" count="0" type="stmt"/>
        <line num="604" count="0" type="stmt"/>
        <line num="605" count="0" type="cond" truecount="0" falsecount="2"/>
        <line num="606" count="0" type="stmt"/>
        <line num="607" count="0" type="cond" truecount="0" falsecount="2"/>
        <line num="608" count="0" type="stmt"/>
        <line num="609" count="0" type="stmt"/>
        <line num="613" count="0" type="stmt"/>
        <line num="614" count="0" type="stmt"/>
        <line num="615" count="0" type="stmt"/>
        <line num="618" count="0" type="stmt"/>
        <line num="627" count="0" type="stmt"/>
        <line num="628" count="0" type="stmt"/>
        <line num="629" count="0" type="stmt"/>
        <line num="630" count="0" type="cond" truecount="0" falsecount="4"/>
        <line num="632" count="0" type="stmt"/>
        <line num="635" count="0" type="cond" truecount="0" falsecount="2"/>
        <line num="636" count="0" type="stmt"/>
        <line num="637" count="0" type="stmt"/>
        <line num="638" count="0" type="stmt"/>
        <line num="655" count="0" type="stmt"/>
        <line num="658" count="0" type="stmt"/>
        <line num="681" count="0" type="stmt"/>
        <line num="693" count="0" type="stmt"/>
        <line num="694" count="0" type="stmt"/>
        <line num="697" count="0" type="stmt"/>
        <line num="698" count="0" type="stmt"/>
      </file>
      <file name="ErrorBoundary.tsx" path="/Users/toni.steimle/Documents/Dev/Mirror/src/components/ErrorBoundary.tsx">
        <metrics statements="12" coveredstatements="10" conditionals="6" coveredconditionals="5" methods="5" coveredmethods="4"/>
        <line num="18" count="10" type="stmt"/>
        <line num="19" count="10" type="stmt"/>
        <line num="23" count="8" type="stmt"/>
        <line num="27" count="4" type="stmt"/>
        <line num="28" count="4" type="stmt"/>
        <line num="31" count="0" type="stmt"/>
        <line num="32" count="0" type="stmt"/>
        <line num="36" count="17" type="cond" truecount="2" falsecount="0"/>
        <line num="37" count="8" type="cond" truecount="2" falsecount="0"/>
        <line num="38" count="2" type="stmt"/>
        <line num="41" count="6" type="stmt"/>
        <line num="97" count="9" type="stmt"/>
      </file>
      <file name="ErrorDialog.tsx" path="/Users/toni.steimle/Documents/Dev/Mirror/src/components/ErrorDialog.tsx">
        <metrics statements="2" coveredstatements="2" conditionals="5" coveredconditionals="5" methods="1" coveredmethods="1"/>
        <line num="18" count="7" type="cond" truecount="2" falsecount="0"/>
        <line num="20" count="6" type="stmt"/>
      </file>
      <file name="HeaderBar.tsx" path="/Users/toni.steimle/Documents/Dev/Mirror/src/components/HeaderBar.tsx">
        <metrics statements="27" coveredstatements="23" conditionals="15" coveredconditionals="10" methods="21" coveredmethods="18"/>
        <line num="24" count="27" type="stmt"/>
        <line num="25" count="27" type="stmt"/>
        <line num="28" count="27" type="stmt"/>
        <line num="30" count="0" type="cond" truecount="0" falsecount="4"/>
        <line num="31" count="0" type="stmt"/>
        <line num="35" count="27" type="cond" truecount="2" falsecount="0"/>
        <line num="36" count="8" type="stmt"/>
        <line num="37" count="8" type="stmt"/>
        <line num="41" count="27" type="stmt"/>
        <line num="56" count="1" type="stmt"/>
        <line num="70" count="9" type="stmt"/>
        <line num="96" count="1" type="stmt"/>
        <line num="105" count="2" type="stmt"/>
        <line num="111" count="1" type="stmt"/>
        <line num="120" count="1" type="stmt"/>
        <line num="129" count="1" type="stmt"/>
        <line num="153" count="54" type="stmt"/>
        <line num="184" count="40" type="stmt"/>
        <line num="186" count="40" type="stmt"/>
        <line num="189" count="0" type="stmt"/>
        <line num="190" count="0" type="stmt"/>
        <line num="213" count="24" type="stmt"/>
        <line num="224" count="8" type="stmt"/>
        <line num="235" count="8" type="stmt"/>
        <line num="243" count="8" type="stmt"/>
        <line num="253" count="8" type="stmt"/>
        <line num="263" count="8" type="stmt"/>
      </file>
      <file name="MirrorPlayground.tsx" path="/Users/toni.steimle/Documents/Dev/Mirror/src/components/MirrorPlayground.tsx">
        <metrics statements="43" coveredstatements="22" conditionals="57" coveredconditionals="30" methods="11" coveredmethods="5"/>
        <line num="46" count="1" type="stmt"/>
        <line num="75" count="1" type="stmt"/>
        <line num="76" count="4" type="stmt"/>
        <line num="78" count="4" type="stmt"/>
        <line num="207" count="8" type="stmt"/>
        <line num="208" count="8" type="stmt"/>
        <line num="209" count="8" type="stmt"/>
        <line num="211" count="8" type="stmt"/>
        <line num="212" count="8" type="stmt"/>
        <line num="215" count="8" type="stmt"/>
        <line num="216" count="4" type="stmt"/>
        <line num="217" count="4" type="stmt"/>
        <line num="218" count="4" type="cond" truecount="1" falsecount="1"/>
        <line num="219" count="0" type="stmt"/>
        <line num="220" count="0" type="stmt"/>
        <line num="222" count="4" type="stmt"/>
        <line num="223" count="4" type="stmt"/>
        <line num="225" count="0" type="cond" truecount="0" falsecount="2"/>
        <line num="226" count="0" type="stmt"/>
        <line num="231" count="8" type="stmt"/>
        <line num="232" count="0" type="stmt"/>
        <line num="236" count="8" type="stmt"/>
        <line num="237" count="0" type="cond" truecount="0" falsecount="2"/>
        <line num="238" count="0" type="stmt"/>
        <line num="239" count="0" type="stmt"/>
        <line num="240" count="0" type="cond" truecount="0" falsecount="2"/>
        <line num="242" count="0" type="stmt"/>
        <line num="243" count="0" type="stmt"/>
        <line num="244" count="0" type="stmt"/>
        <line num="245" count="0" type="stmt"/>
        <line num="248" count="0" type="stmt"/>
        <line num="249" count="0" type="stmt"/>
        <line num="255" count="8" type="stmt"/>
        <line num="256" count="0" type="stmt"/>
        <line num="260" count="8" type="stmt"/>
        <line num="261" count="4" type="cond" truecount="1" falsecount="1"/>
        <line num="262" count="0" type="stmt"/>
        <line num="269" count="4" type="stmt"/>
        <line num="277" count="8" type="stmt"/>
        <line num="287" count="0" type="stmt"/>
        <line num="288" count="0" type="stmt"/>
        <line num="291" count="0" type="stmt"/>
        <line num="292" count="0" type="stmt"/>
      </file>
      <file name="PageSidebar.tsx" path="/Users/toni.steimle/Documents/Dev/Mirror/src/components/PageSidebar.tsx">
        <metrics statements="56" coveredstatements="49" conditionals="38" coveredconditionals="37" methods="22" coveredmethods="16"/>
        <line num="38" count="38" type="stmt"/>
        <line num="39" count="38" type="stmt"/>
        <line num="40" count="38" type="stmt"/>
        <line num="41" count="38" type="stmt"/>
        <line num="42" count="38" type="stmt"/>
        <line num="44" count="38" type="stmt"/>
        <line num="45" count="28" type="cond" truecount="4" falsecount="0"/>
        <line num="46" count="7" type="stmt"/>
        <line num="47" count="7" type="stmt"/>
        <line num="52" count="38" type="stmt"/>
        <line num="53" count="18" type="cond" truecount="2" falsecount="0"/>
        <line num="54" count="1" type="stmt"/>
        <line num="55" count="1" type="stmt"/>
        <line num="56" count="1" type="stmt"/>
        <line num="60" count="38" type="stmt"/>
        <line num="61" count="7" type="stmt"/>
        <line num="62" count="7" type="stmt"/>
        <line num="65" count="38" type="stmt"/>
        <line num="66" count="3" type="cond" truecount="4" falsecount="0"/>
        <line num="67" count="2" type="stmt"/>
        <line num="69" count="3" type="stmt"/>
        <line num="70" count="3" type="stmt"/>
        <line num="73" count="38" type="stmt"/>
        <line num="74" count="4" type="cond" truecount="2" falsecount="0"/>
        <line num="75" count="3" type="stmt"/>
        <line num="76" count="1" type="cond" truecount="1" falsecount="1"/>
        <line num="77" count="1" type="stmt"/>
        <line num="78" count="1" type="stmt"/>
        <line num="82" count="38" type="stmt"/>
        <line num="83" count="2" type="stmt"/>
        <line num="84" count="2" type="stmt"/>
        <line num="85" count="2" type="cond" truecount="4" falsecount="0"/>
        <line num="86" count="1" type="stmt"/>
        <line num="90" count="38" type="stmt"/>
        <line num="92" count="6" type="cond" truecount="2" falsecount="0"/>
        <line num="94" count="5" type="cond" truecount="2" falsecount="0"/>
        <line num="95" count="4" type="stmt"/>
        <line num="98" count="38" type="stmt"/>
        <line num="109" count="110" type="stmt"/>
        <line num="110" count="110" type="stmt"/>
        <line num="111" count="110" type="stmt"/>
        <line num="112" count="110" type="cond" truecount="3" falsecount="0"/>
        <line num="114" count="110" type="stmt"/>
        <line num="117" count="1" type="cond" truecount="2" falsecount="0"/>
        <line num="118" count="7" type="stmt"/>
        <line num="119" count="5" type="stmt"/>
        <line num="120" count="0" type="stmt"/>
        <line num="137" count="4" type="stmt"/>
        <line num="140" count="1" type="stmt"/>
        <line num="163" count="2" type="stmt"/>
        <line num="176" count="0" type="stmt"/>
        <line num="177" count="0" type="stmt"/>
        <line num="180" count="0" type="stmt"/>
        <line num="181" count="0" type="stmt"/>
        <line num="196" count="0" type="stmt"/>
        <line num="218" count="0" type="stmt"/>
      </file>
      <file name="Preview.tsx" path="/Users/toni.steimle/Documents/Dev/Mirror/src/components/Preview.tsx">
        <metrics statements="6" coveredstatements="4" conditionals="4" coveredconditionals="3" methods="2" coveredmethods="1"/>
        <line num="24" count="1" type="stmt"/>
        <line num="31" count="4" type="cond" truecount="1" falsecount="1"/>
        <line num="32" count="0" type="stmt"/>
        <line num="36" count="4" type="stmt"/>
        <line num="37" count="0" type="stmt"/>
        <line num="40" count="4" type="stmt"/>
      </file>
      <file name="TokenPicker.tsx" path="/Users/toni.steimle/Documents/Dev/Mirror/src/components/TokenPicker.tsx">
        <metrics statements="18" coveredstatements="17" conditionals="12" coveredconditionals="8" methods="10" coveredmethods="9"/>
        <line num="20" count="1" type="stmt"/>
        <line num="34" count="17" type="cond" truecount="2" falsecount="0"/>
        <line num="35" count="6" type="stmt"/>
        <line num="49" count="11" type="cond" truecount="1" falsecount="1"/>
        <line num="50" count="17" type="stmt"/>
        <line num="72" count="5" type="stmt"/>
        <line num="74" count="1" type="stmt"/>
        <line num="76" count="15" type="stmt"/>
        <line num="79" count="15" type="stmt"/>
        <line num="80" count="11" type="cond" truecount="2" falsecount="0"/>
        <line num="81" count="2" type="stmt"/>
        <line num="85" count="15" type="stmt"/>
        <line num="86" count="2" type="stmt"/>
        <line num="101" count="15" type="stmt"/>
        <line num="109" count="15" type="stmt"/>
        <line num="146" count="22" type="stmt"/>
        <line num="150" count="2" type="stmt"/>
        <line num="151" count="0" type="stmt"/>
      </file>
    </package>
    <package name="src.components.picker">
      <metrics statements="33" coveredstatements="17" conditionals="29" coveredconditionals="14" methods="19" coveredmethods="9"/>
      <file name="BasePicker.tsx" path="/Users/toni.steimle/Documents/Dev/Mirror/src/components/picker/BasePicker.tsx">
        <metrics statements="14" coveredstatements="14" conditionals="14" coveredconditionals="14" methods="7" coveredmethods="7"/>
        <line num="44" count="2" type="stmt"/>
        <line num="58" count="26" type="stmt"/>
        <line num="61" count="26" type="stmt"/>
        <line num="69" count="26" type="cond" truecount="2" falsecount="0"/>
        <line num="71" count="24" type="stmt"/>
        <line num="139" count="12" type="stmt"/>
        <line num="151" count="24" type="stmt"/>
        <line num="168" count="2" type="stmt"/>
        <line num="170" count="12" type="stmt"/>
        <line num="198" count="2" type="stmt"/>
        <line num="200" count="12" type="stmt"/>
        <line num="206" count="2" type="stmt"/>
        <line num="237" count="2" type="stmt"/>
        <line num="245" count="17" type="stmt"/>
      </file>
      <file name="CategoryHeader.tsx" path="/Users/toni.steimle/Documents/Dev/Mirror/src/components/picker/CategoryHeader.tsx">
        <metrics statements="2" coveredstatements="1" conditionals="0" coveredconditionals="0" methods="1" coveredmethods="0"/>
        <line num="14" count="1" type="stmt"/>
        <line num="15" count="0" type="stmt"/>
      </file>
      <file name="ColorSwatch.tsx" path="/Users/toni.steimle/Documents/Dev/Mirror/src/components/picker/ColorSwatch.tsx">
        <metrics statements="1" coveredstatements="0" conditionals="2" coveredconditionals="0" methods="1" coveredmethods="0"/>
        <line num="16" count="0" type="stmt"/>
      </file>
      <file name="EmptyState.tsx" path="/Users/toni.steimle/Documents/Dev/Mirror/src/components/picker/EmptyState.tsx">
        <metrics statements="2" coveredstatements="2" conditionals="0" coveredconditionals="0" methods="1" coveredmethods="1"/>
        <line num="14" count="1" type="stmt"/>
        <line num="15" count="1" type="stmt"/>
      </file>
      <file name="ItemLabel.tsx" path="/Users/toni.steimle/Documents/Dev/Mirror/src/components/picker/ItemLabel.tsx">
        <metrics statements="1" coveredstatements="0" conditionals="3" coveredconditionals="0" methods="1" coveredmethods="0"/>
        <line num="17" count="0" type="stmt"/>
      </file>
      <file name="PickerErrorBoundary.tsx" path="/Users/toni.steimle/Documents/Dev/Mirror/src/components/picker/PickerErrorBoundary.tsx">
        <metrics statements="10" coveredstatements="0" conditionals="6" coveredconditionals="0" methods="5" coveredmethods="1"/>
        <line num="25" count="0" type="stmt"/>
        <line num="26" count="0" type="stmt"/>
        <line num="30" count="0" type="stmt"/>
        <line num="34" count="0" type="cond" truecount="0" falsecount="2"/>
        <line num="37" count="0" type="stmt"/>
        <line num="38" count="0" type="stmt"/>
        <line num="39" count="0" type="stmt"/>
        <line num="43" count="0" type="cond" truecount="0" falsecount="2"/>
        <line num="44" count="0" type="stmt"/>
        <line num="78" count="0" type="stmt"/>
      </file>
      <file name="PickerToggle.tsx" path="/Users/toni.steimle/Documents/Dev/Mirror/src/components/picker/PickerToggle.tsx">
        <metrics statements="3" coveredstatements="0" conditionals="4" coveredconditionals="0" methods="3" coveredmethods="0"/>
        <line num="19" count="0" type="stmt"/>
        <line num="29" count="0" type="stmt"/>
        <line num="31" count="0" type="stmt"/>
      </file>
      <file name="index.ts" path="/Users/toni.steimle/Documents/Dev/Mirror/src/components/picker/index.ts">
        <metrics statements="0" coveredstatements="0" conditionals="0" coveredconditionals="0" methods="0" coveredmethods="0"/>
      </file>
    </package>
    <package name="src.contexts">
      <metrics statements="4" coveredstatements="3" conditionals="0" coveredconditionals="0" methods="3" coveredmethods="1"/>
      <file name="EditorActionsContext.tsx" path="/Users/toni.steimle/Documents/Dev/Mirror/src/contexts/EditorActionsContext.tsx">
        <metrics statements="4" coveredstatements="3" conditionals="0" coveredconditionals="0" methods="3" coveredmethods="1"/>
        <line num="14" count="15" type="stmt"/>
        <line num="18" count="15" type="stmt"/>
        <line num="32" count="0" type="stmt"/>
        <line num="45" count="11" type="stmt"/>
      </file>
      <file name="index.ts" path="/Users/toni.steimle/Documents/Dev/Mirror/src/contexts/index.ts">
        <metrics statements="0" coveredstatements="0" conditionals="0" coveredconditionals="0" methods="0" coveredmethods="0"/>
      </file>
    </package>
    <package name="src.converter">
      <metrics statements="91" coveredstatements="73" conditionals="90" coveredconditionals="65" methods="12" coveredmethods="9"/>
      <file name="json-to-mirror.ts" path="/Users/toni.steimle/Documents/Dev/Mirror/src/converter/json-to-mirror.ts">
        <metrics statements="91" coveredstatements="73" conditionals="90" coveredconditionals="65" methods="12" coveredmethods="9"/>
        <line num="11" count="2" type="stmt"/>
        <line num="17" count="18" type="cond" truecount="1" falsecount="1"/>
        <line num="18" count="18" type="stmt"/>
        <line num="25" count="43" type="stmt"/>
        <line num="26" count="43" type="stmt"/>
        <line num="29" count="43" type="stmt"/>
        <line num="32" count="43" type="stmt"/>
        <line num="35" count="43" type="cond" truecount="2" falsecount="0"/>
        <line num="36" count="5" type="stmt"/>
        <line num="40" count="43" type="stmt"/>
        <line num="41" count="43" type="cond" truecount="2" falsecount="0"/>
        <line num="42" count="39" type="stmt"/>
        <line num="46" count="43" type="cond" truecount="4" falsecount="0"/>
        <line num="47" count="18" type="stmt"/>
        <line num="50" count="43" type="stmt"/>
        <line num="53" count="43" type="cond" truecount="4" falsecount="0"/>
        <line num="54" count="5" type="stmt"/>
        <line num="55" count="5" type="stmt"/>
        <line num="60" count="43" type="cond" truecount="3" falsecount="1"/>
        <line num="61" count="0" type="stmt"/>
        <line num="65" count="43" type="stmt"/>
        <line num="66" count="25" type="stmt"/>
        <line num="69" count="43" type="stmt"/>
        <line num="75" count="2" type="stmt"/>
        <line num="92" count="2" type="stmt"/>
        <line num="98" count="101" type="cond" truecount="4" falsecount="0"/>
        <line num="99" count="1" type="stmt"/>
        <line num="101" count="100" type="cond" truecount="4" falsecount="0"/>
        <line num="102" count="1" type="stmt"/>
        <line num="104" count="99" type="cond" truecount="2" falsecount="2"/>
        <line num="105" count="0" type="stmt"/>
        <line num="107" count="99" type="cond" truecount="2" falsecount="2"/>
        <line num="108" count="0" type="stmt"/>
        <line num="110" count="99" type="stmt"/>
        <line num="117" count="43" type="stmt"/>
        <line num="119" count="43" type="stmt"/>
        <line num="121" count="101" type="cond" truecount="2" falsecount="0"/>
        <line num="122" count="4" type="stmt"/>
        <line num="126" count="101" type="stmt"/>
        <line num="127" count="101" type="cond" truecount="2" falsecount="0"/>
        <line num="128" count="2" type="stmt"/>
        <line num="129" count="2" type="stmt"/>
        <line num="132" count="99" type="cond" truecount="2" falsecount="0"/>
        <line num="134" count="24" type="stmt"/>
        <line num="135" count="75" type="cond" truecount="2" falsecount="0"/>
        <line num="137" count="1" type="stmt"/>
        <line num="138" count="74" type="cond" truecount="2" falsecount="0"/>
        <line num="140" count="28" type="cond" truecount="8" falsecount="0"/>
        <line num="149" count="28" type="cond" truecount="4" falsecount="0"/>
        <line num="151" count="16" type="stmt"/>
        <line num="152" count="12" type="cond" truecount="2" falsecount="0"/>
        <line num="154" count="10" type="stmt"/>
        <line num="157" count="2" type="stmt"/>
        <line num="159" count="46" type="cond" truecount="1" falsecount="1"/>
        <line num="161" count="46" type="stmt"/>
        <line num="165" count="43" type="stmt"/>
        <line num="172" count="5" type="stmt"/>
        <line num="173" count="5" type="stmt"/>
        <line num="174" count="5" type="stmt"/>
        <line num="177" count="5" type="stmt"/>
        <line num="184" count="0" type="cond" truecount="0" falsecount="6"/>
        <line num="186" count="0" type="stmt"/>
        <line num="188" count="0" type="stmt"/>
        <line num="190" count="0" type="stmt"/>
        <line num="192" count="0" type="stmt"/>
        <line num="194" count="0" type="stmt"/>
        <line num="196" count="0" type="stmt"/>
        <line num="205" count="5" type="cond" truecount="2" falsecount="2"/>
        <line num="206" count="0" type="stmt"/>
        <line num="207" count="0" type="cond" truecount="0" falsecount="2"/>
        <line num="208" count="0" type="cond" truecount="0" falsecount="2"/>
        <line num="210" count="0" type="cond" truecount="0" falsecount="2"/>
        <line num="211" count="0" type="stmt"/>
        <line num="213" count="0" type="stmt"/>
        <line num="216" count="5" type="stmt"/>
        <line num="217" count="5" type="stmt"/>
        <line num="219" count="5" type="cond" truecount="1" falsecount="1"/>
        <line num="220" count="5" type="stmt"/>
        <line num="223" count="5" type="cond" truecount="1" falsecount="1"/>
        <line num="224" count="0" type="stmt"/>
        <line num="227" count="5" type="cond" truecount="2" falsecount="0"/>
        <line num="228" count="1" type="stmt"/>
        <line num="231" count="5" type="cond" truecount="2" falsecount="0"/>
        <line num="232" count="1" type="stmt"/>
        <line num="235" count="5" type="cond" truecount="2" falsecount="0"/>
        <line num="236" count="1" type="stmt"/>
        <line num="239" count="5" type="cond" truecount="2" falsecount="2"/>
        <line num="240" count="0" type="stmt"/>
        <line num="243" count="5" type="stmt"/>
        <line num="250" count="28" type="stmt"/>
        <line num="257" count="2" type="stmt"/>
      </file>
    </package>
    <package name="src.data">
      <metrics statements="12" coveredstatements="10" conditionals="4" coveredconditionals="1" methods="4" coveredmethods="3"/>
      <file name="dsl-properties.ts" path="/Users/toni.steimle/Documents/Dev/Mirror/src/data/dsl-properties.ts">
        <metrics statements="6" coveredstatements="6" conditionals="0" coveredconditionals="0" methods="2" coveredmethods="2"/>
        <line num="40" count="1" type="stmt"/>
        <line num="47" count="1" type="stmt"/>
        <line num="55" count="1" type="stmt"/>
        <line num="755" count="29" type="stmt"/>
        <line num="756" count="31" type="stmt"/>
        <line num="1364" count="1" type="stmt"/>
      </file>
      <file name="property-token-types.ts" path="/Users/toni.steimle/Documents/Dev/Mirror/src/data/property-token-types.ts">
        <metrics statements="6" coveredstatements="4" conditionals="4" coveredconditionals="1" methods="2" coveredmethods="1"/>
        <line num="12" count="1" type="stmt"/>
        <line num="56" count="0" type="cond" truecount="0" falsecount="2"/>
        <line num="66" count="2" type="stmt"/>
        <line num="67" count="2" type="cond" truecount="1" falsecount="1"/>
        <line num="68" count="0" type="stmt"/>
        <line num="70" count="2" type="stmt"/>
      </file>
    </package>
    <package name="src.dsl">
      <metrics statements="34" coveredstatements="33" conditionals="12" coveredconditionals="9" methods="6" coveredmethods="5"/>
      <file name="properties.ts" path="/Users/toni.steimle/Documents/Dev/Mirror/src/dsl/properties.ts">
        <metrics statements="34" coveredstatements="33" conditionals="12" coveredconditionals="9" methods="6" coveredmethods="5"/>
        <line num="29" count="79" type="stmt"/>
        <line num="64" count="79" type="stmt"/>
        <line num="67" count="79" type="stmt"/>
        <line num="70" count="79" type="stmt"/>
        <line num="75" count="7825" type="cond" truecount="2" falsecount="0"/>
        <line num="77" count="7717" type="cond" truecount="2" falsecount="0"/>
        <line num="78" count="249" type="stmt"/>
        <line num="79" count="297" type="stmt"/>
        <line num="82" count="7468" type="cond" truecount="2" falsecount="0"/>
        <line num="87" count="45" type="cond" truecount="1" falsecount="1"/>
        <line num="88" count="45" type="cond" truecount="1" falsecount="1"/>
        <line num="89" count="45" type="stmt"/>
        <line num="94" count="45" type="cond" truecount="1" falsecount="1"/>
        <line num="95" count="0" type="stmt"/>
        <line num="97" count="45" type="stmt"/>
        <line num="101" count="79" type="stmt"/>
        <line num="109" count="79" type="stmt"/>
        <line num="114" count="79" type="stmt"/>
        <line num="123" count="79" type="stmt"/>
        <line num="127" count="79" type="stmt"/>
        <line num="145" count="79" type="stmt"/>
        <line num="152" count="79" type="stmt"/>
        <line num="169" count="79" type="stmt"/>
        <line num="184" count="79" type="stmt"/>
        <line num="190" count="79" type="stmt"/>
        <line num="199" count="79" type="stmt"/>
        <line num="205" count="79" type="stmt"/>
        <line num="212" count="79" type="stmt"/>
        <line num="217" count="79" type="stmt"/>
        <line num="224" count="79" type="stmt"/>
        <line num="232" count="79" type="stmt"/>
        <line num="236" count="79" type="stmt"/>
        <line num="244" count="79" type="stmt"/>
        <line num="251" count="79" type="stmt"/>
      </file>
    </package>
    <package name="src.editor">
      <metrics statements="355" coveredstatements="196" conditionals="176" coveredconditionals="72" methods="109" coveredmethods="55"/>
      <file name="constants.ts" path="/Users/toni.steimle/Documents/Dev/Mirror/src/editor/constants.ts">
        <metrics statements="6" coveredstatements="6" conditionals="0" coveredconditionals="0" methods="0" coveredmethods="0"/>
        <line num="13" count="2" type="stmt"/>
        <line num="20" count="2" type="stmt"/>
        <line num="27" count="2" type="stmt"/>
        <line num="33" count="2" type="stmt"/>
        <line num="39" count="2" type="stmt"/>
        <line num="45" count="2" type="stmt"/>
      </file>
      <file name="dsl-autocomplete.ts" path="/Users/toni.steimle/Documents/Dev/Mirror/src/editor/dsl-autocomplete.ts">
        <metrics statements="139" coveredstatements="23" conditionals="100" coveredconditionals="8" methods="35" coveredmethods="3"/>
        <line num="20" count="1" type="stmt"/>
        <line num="44" count="1" type="stmt"/>
        <line num="50" count="1" type="stmt"/>
        <line num="51" count="0" type="stmt"/>
        <line num="53" count="0" type="stmt"/>
        <line num="54" count="0" type="cond" truecount="0" falsecount="2"/>
        <line num="55" count="0" type="stmt"/>
        <line num="59" count="0" type="cond" truecount="0" falsecount="4"/>
        <line num="60" count="0" type="stmt"/>
        <line num="62" count="0" type="stmt"/>
        <line num="75" count="0" type="stmt"/>
        <line num="80" count="0" type="stmt"/>
        <line num="81" count="0" type="stmt"/>
        <line num="96" count="1" type="stmt"/>
        <line num="122" count="1" type="stmt"/>
        <line num="129" count="0" type="stmt"/>
        <line num="130" count="0" type="stmt"/>
        <line num="132" count="0" type="cond" truecount="0" falsecount="2"/>
        <line num="133" count="0" type="stmt"/>
        <line num="136" count="0" type="stmt"/>
        <line num="137" count="0" type="stmt"/>
        <line num="139" count="0" type="stmt"/>
        <line num="149" count="0" type="cond" truecount="0" falsecount="4"/>
        <line num="150" count="0" type="stmt"/>
        <line num="152" count="0" type="cond" truecount="0" falsecount="2"/>
        <line num="154" count="0" type="stmt"/>
        <line num="155" count="0" type="stmt"/>
        <line num="156" count="0" type="stmt"/>
        <line num="157" count="0" type="stmt"/>
        <line num="158" count="0" type="stmt"/>
        <line num="159" count="0" type="stmt"/>
        <line num="160" count="0" type="stmt"/>
        <line num="163" count="0" type="stmt"/>
        <line num="166" count="0" type="stmt"/>
        <line num="169" count="0" type="stmt"/>
        <line num="170" count="0" type="stmt"/>
        <line num="171" count="0" type="stmt"/>
        <line num="172" count="0" type="stmt"/>
        <line num="173" count="0" type="cond" truecount="0" falsecount="2"/>
        <line num="174" count="0" type="stmt"/>
        <line num="175" count="0" type="stmt"/>
        <line num="180" count="0" type="stmt"/>
        <line num="183" count="0" type="stmt"/>
        <line num="186" count="0" type="stmt"/>
        <line num="189" count="0" type="cond" truecount="0" falsecount="2"/>
        <line num="190" count="0" type="stmt"/>
        <line num="193" count="0" type="stmt"/>
        <line num="199" count="0" type="stmt"/>
        <line num="200" count="0" type="stmt"/>
        <line num="210" count="0" type="stmt"/>
        <line num="211" count="0" type="stmt"/>
        <line num="217" count="0" type="cond" truecount="0" falsecount="5"/>
        <line num="218" count="0" type="stmt"/>
        <line num="231" count="11" type="stmt"/>
        <line num="233" count="11" type="stmt"/>
        <line num="235" count="84" type="cond" truecount="2" falsecount="0"/>
        <line num="236" count="10" type="stmt"/>
        <line num="237" count="10" type="stmt"/>
        <line num="241" count="74" type="stmt"/>
        <line num="242" count="74" type="cond" truecount="2" falsecount="0"/>
        <line num="244" count="10" type="stmt"/>
        <line num="245" count="10" type="stmt"/>
        <line num="249" count="64" type="stmt"/>
        <line num="250" count="110" type="cond" truecount="2" falsecount="0"/>
        <line num="251" count="13" type="stmt"/>
        <line num="255" count="11" type="stmt"/>
        <line num="264" count="8" type="stmt"/>
        <line num="265" count="8" type="cond" truecount="2" falsecount="0"/>
        <line num="266" count="5" type="stmt"/>
        <line num="268" count="3" type="stmt"/>
        <line num="275" count="0" type="stmt"/>
        <line num="277" count="0" type="cond" truecount="0" falsecount="2"/>
        <line num="279" count="0" type="stmt"/>
        <line num="280" count="0" type="stmt"/>
        <line num="283" count="0" type="cond" truecount="0" falsecount="2"/>
        <line num="287" count="0" type="cond" truecount="0" falsecount="2"/>
        <line num="291" count="0" type="stmt"/>
        <line num="292" count="0" type="cond" truecount="0" falsecount="4"/>
        <line num="295" count="0" type="stmt"/>
        <line num="296" count="0" type="cond" truecount="0" falsecount="4"/>
        <line num="297" count="0" type="stmt"/>
        <line num="298" count="0" type="stmt"/>
        <line num="299" count="0" type="stmt"/>
        <line num="302" count="0" type="stmt"/>
        <line num="304" count="0" type="stmt"/>
        <line num="305" count="0" type="cond" truecount="0" falsecount="2"/>
        <line num="308" count="0" type="stmt"/>
        <line num="309" count="0" type="cond" truecount="0" falsecount="2"/>
        <line num="310" count="0" type="stmt"/>
        <line num="311" count="0" type="cond" truecount="0" falsecount="2"/>
        <line num="312" count="0" type="stmt"/>
        <line num="313" count="0" type="cond" truecount="0" falsecount="5"/>
        <line num="315" count="0" type="stmt"/>
        <line num="318" count="0" type="stmt"/>
        <line num="322" count="0" type="stmt"/>
        <line num="330" count="0" type="cond" truecount="0" falsecount="2"/>
        <line num="331" count="0" type="stmt"/>
        <line num="340" count="0" type="stmt"/>
        <line num="344" count="0" type="stmt"/>
        <line num="345" count="0" type="cond" truecount="0" falsecount="2"/>
        <line num="346" count="0" type="cond" truecount="0" falsecount="2"/>
        <line num="348" count="0" type="cond" truecount="0" falsecount="4"/>
        <line num="350" count="0" type="cond" truecount="0" falsecount="2"/>
        <line num="353" count="0" type="stmt"/>
        <line num="361" count="0" type="stmt"/>
        <line num="362" count="0" type="cond" truecount="0" falsecount="2"/>
        <line num="363" count="0" type="stmt"/>
        <line num="369" count="0" type="stmt"/>
        <line num="377" count="0" type="stmt"/>
        <line num="378" count="0" type="stmt"/>
        <line num="379" count="0" type="cond" truecount="0" falsecount="2"/>
        <line num="380" count="0" type="stmt"/>
        <line num="385" count="0" type="stmt"/>
        <line num="392" count="0" type="stmt"/>
        <line num="394" count="0" type="cond" truecount="0" falsecount="2"/>
        <line num="395" count="0" type="stmt"/>
        <line num="404" count="0" type="cond" truecount="0" falsecount="4"/>
        <line num="408" count="0" type="stmt"/>
        <line num="410" count="0" type="cond" truecount="0" falsecount="2"/>
        <line num="412" count="0" type="cond" truecount="0" falsecount="2"/>
        <line num="413" count="0" type="stmt"/>
        <line num="415" count="0" type="stmt"/>
        <line num="416" count="0" type="cond" truecount="0" falsecount="2"/>
        <line num="417" count="0" type="stmt"/>
        <line num="421" count="0" type="stmt"/>
        <line num="428" count="0" type="cond" truecount="0" falsecount="2"/>
        <line num="429" count="0" type="stmt"/>
        <line num="437" count="0" type="stmt"/>
        <line num="441" count="0" type="cond" truecount="0" falsecount="2"/>
        <line num="444" count="0" type="stmt"/>
        <line num="445" count="0" type="stmt"/>
        <line num="448" count="0" type="stmt"/>
        <line num="450" count="0" type="stmt"/>
        <line num="451" count="0" type="cond" truecount="0" falsecount="2"/>
        <line num="452" count="0" type="stmt"/>
        <line num="455" count="0" type="stmt"/>
        <line num="462" count="0" type="stmt"/>
        <line num="474" count="1" type="stmt"/>
        <line num="525" count="0" type="stmt"/>
      </file>
      <file name="mock-editor.ts" path="/Users/toni.steimle/Documents/Dev/Mirror/src/editor/mock-editor.ts">
        <metrics statements="83" coveredstatements="62" conditionals="23" coveredconditionals="21" methods="27" coveredmethods="14"/>
        <line num="30" count="95" type="cond" truecount="2" falsecount="0"/>
        <line num="31" count="95" type="stmt"/>
        <line num="32" count="95" type="stmt"/>
        <line num="33" count="95" type="stmt"/>
        <line num="34" count="95" type="stmt"/>
        <line num="35" count="95" type="stmt"/>
        <line num="36" count="95" type="stmt"/>
        <line num="42" count="165" type="stmt"/>
        <line num="43" count="165" type="stmt"/>
        <line num="47" count="76" type="stmt"/>
        <line num="48" count="76" type="stmt"/>
        <line num="52" count="7" type="stmt"/>
        <line num="53" count="7" type="stmt"/>
        <line num="54" count="7" type="cond" truecount="4" falsecount="0"/>
        <line num="55" count="2" type="stmt"/>
        <line num="58" count="5" type="stmt"/>
        <line num="59" count="5" type="stmt"/>
        <line num="60" count="7" type="stmt"/>
        <line num="63" count="5" type="stmt"/>
        <line num="64" count="5" type="stmt"/>
        <line num="73" count="49" type="stmt"/>
        <line num="74" count="49" type="stmt"/>
        <line num="75" count="49" type="stmt"/>
        <line num="76" count="49" type="stmt"/>
        <line num="78" count="49" type="stmt"/>
        <line num="79" count="54" type="stmt"/>
        <line num="80" count="54" type="cond" truecount="4" falsecount="0"/>
        <line num="81" count="49" type="stmt"/>
        <line num="88" count="5" type="stmt"/>
        <line num="89" count="5" type="stmt"/>
        <line num="93" count="0" type="stmt"/>
        <line num="102" count="14" type="stmt"/>
        <line num="103" count="14" type="stmt"/>
        <line num="109" count="86" type="stmt"/>
        <line num="110" count="86" type="stmt"/>
        <line num="114" count="225" type="stmt"/>
        <line num="115" count="225" type="stmt"/>
        <line num="119" count="62" type="stmt"/>
        <line num="120" count="62" type="stmt"/>
        <line num="121" count="62" type="stmt"/>
        <line num="122" count="62" type="stmt"/>
        <line num="126" count="1" type="stmt"/>
        <line num="127" count="1" type="stmt"/>
        <line num="128" count="1" type="stmt"/>
        <line num="129" count="1" type="stmt"/>
        <line num="135" count="0" type="stmt"/>
        <line num="137" count="0" type="stmt"/>
        <line num="148" count="46" type="stmt"/>
        <line num="150" count="46" type="cond" truecount="1" falsecount="1"/>
        <line num="151" count="46" type="cond" truecount="2" falsecount="0"/>
        <line num="152" count="46" type="stmt"/>
        <line num="155" count="46" type="stmt"/>
        <line num="156" count="46" type="cond" truecount="2" falsecount="0"/>
        <line num="157" count="2" type="stmt"/>
        <line num="160" count="46" type="stmt"/>
        <line num="163" count="46" type="cond" truecount="2" falsecount="0"/>
        <line num="164" count="38" type="stmt"/>
        <line num="165" count="38" type="cond" truecount="2" falsecount="0"/>
        <line num="166" count="38" type="stmt"/>
        <line num="171" count="6" type="stmt"/>
        <line num="172" count="6" type="stmt"/>
        <line num="173" count="6" type="stmt"/>
        <line num="180" count="0" type="stmt"/>
        <line num="181" count="0" type="stmt"/>
        <line num="189" count="3" type="stmt"/>
        <line num="190" count="3" type="stmt"/>
        <line num="194" count="0" type="stmt"/>
        <line num="195" count="0" type="stmt"/>
        <line num="199" count="0" type="stmt"/>
        <line num="205" count="0" type="stmt"/>
        <line num="209" count="0" type="stmt"/>
        <line num="213" count="740" type="cond" truecount="1" falsecount="1"/>
        <line num="214" count="0" type="stmt"/>
        <line num="225" count="0" type="stmt"/>
        <line num="232" count="0" type="stmt"/>
        <line num="240" count="0" type="stmt"/>
        <line num="243" count="0" type="stmt"/>
        <line num="247" count="0" type="stmt"/>
        <line num="248" count="0" type="stmt"/>
        <line num="256" count="0" type="stmt"/>
        <line num="263" count="0" type="stmt"/>
        <line num="270" count="0" type="stmt"/>
        <line num="278" count="0" type="stmt"/>
      </file>
      <file name="property-picker-map.ts" path="/Users/toni.steimle/Documents/Dev/Mirror/src/editor/property-picker-map.ts">
        <metrics statements="16" coveredstatements="4" conditionals="6" coveredconditionals="0" methods="5" coveredmethods="0"/>
        <line num="28" count="1" type="stmt"/>
        <line num="99" count="0" type="stmt"/>
        <line num="111" count="0" type="stmt"/>
        <line num="112" count="0" type="cond" truecount="0" falsecount="2"/>
        <line num="114" count="0" type="stmt"/>
        <line num="115" count="0" type="stmt"/>
        <line num="117" count="0" type="cond" truecount="0" falsecount="2"/>
        <line num="119" count="0" type="stmt"/>
        <line num="130" count="1" type="stmt"/>
        <line num="144" count="0" type="stmt"/>
        <line num="146" count="0" type="stmt"/>
        <line num="147" count="0" type="cond" truecount="0" falsecount="2"/>
        <line num="148" count="0" type="stmt"/>
        <line num="152" count="0" type="stmt"/>
        <line num="159" count="1" type="stmt"/>
        <line num="180" count="1" type="stmt"/>
      </file>
      <file name="test-utils.ts" path="/Users/toni.steimle/Documents/Dev/Mirror/src/editor/test-utils.ts">
        <metrics statements="66" coveredstatements="56" conditionals="13" coveredconditionals="9" methods="28" coveredmethods="24"/>
        <line num="35" count="15" type="stmt"/>
        <line num="36" count="285" type="cond" truecount="1" falsecount="1"/>
        <line num="37" count="285" type="stmt"/>
        <line num="40" count="0" type="stmt"/>
        <line num="41" count="0" type="stmt"/>
        <line num="42" count="0" type="stmt"/>
        <line num="44" count="0" type="stmt"/>
        <line num="45" count="0" type="stmt"/>
        <line num="46" count="0" type="stmt"/>
        <line num="47" count="0" type="stmt"/>
        <line num="54" count="95" type="stmt"/>
        <line num="56" count="95" type="stmt"/>
        <line num="59" count="95" type="stmt"/>
        <line num="62" count="95" type="stmt"/>
        <line num="69" count="95" type="cond" truecount="2" falsecount="0"/>
        <line num="70" count="2" type="stmt"/>
        <line num="72" count="95" type="cond" truecount="1" falsecount="1"/>
        <line num="73" count="0" type="stmt"/>
        <line num="75" count="95" type="cond" truecount="1" falsecount="1"/>
        <line num="76" count="0" type="stmt"/>
        <line num="82" count="6" type="stmt"/>
        <line num="87" count="46" type="stmt"/>
        <line num="88" count="46" type="stmt"/>
        <line num="89" count="46" type="stmt"/>
        <line num="90" count="46" type="stmt"/>
        <line num="95" count="3" type="stmt"/>
        <line num="96" count="3" type="stmt"/>
        <line num="105" count="2" type="stmt"/>
        <line num="112" count="2" type="stmt"/>
        <line num="126" count="4" type="stmt"/>
        <line num="133" count="3" type="stmt"/>
        <line num="140" count="1" type="stmt"/>
        <line num="141" count="1" type="stmt"/>
        <line num="142" count="1" type="stmt"/>
        <line num="143" count="1" type="stmt"/>
        <line num="153" count="1" type="stmt"/>
        <line num="154" count="3" type="stmt"/>
        <line num="163" count="1" type="stmt"/>
        <line num="164" count="1" type="stmt"/>
        <line num="165" count="1" type="stmt"/>
        <line num="175" count="2" type="stmt"/>
        <line num="176" count="2" type="cond" truecount="2" falsecount="0"/>
        <line num="177" count="1" type="stmt"/>
        <line num="184" count="1" type="stmt"/>
        <line num="185" count="1" type="stmt"/>
        <line num="186" count="1" type="stmt"/>
        <line num="194" count="95" type="stmt"/>
        <line num="205" count="1" type="stmt"/>
        <line num="206" count="1" type="stmt"/>
        <line num="207" count="1" type="stmt"/>
        <line num="218" count="75" type="stmt"/>
        <line num="219" count="75" type="stmt"/>
        <line num="222" count="2" type="stmt"/>
        <line num="223" count="1" type="stmt"/>
        <line num="225" count="45" type="stmt"/>
        <line num="226" count="45" type="stmt"/>
        <line num="234" count="1" type="stmt"/>
        <line num="235" count="1" type="cond" truecount="1" falsecount="1"/>
        <line num="236" count="1" type="stmt"/>
        <line num="255" count="1" type="stmt"/>
        <line num="256" count="1" type="stmt"/>
        <line num="257" count="0" type="stmt"/>
        <line num="260" count="75" type="stmt"/>
        <line num="298" count="1" type="stmt"/>
        <line num="299" count="1" type="stmt"/>
        <line num="300" count="1" type="stmt"/>
      </file>
      <file name="trigger-handlers.ts" path="/Users/toni.steimle/Documents/Dev/Mirror/src/editor/trigger-handlers.ts">
        <metrics statements="21" coveredstatements="21" conditionals="17" coveredconditionals="17" methods="5" coveredmethods="5"/>
        <line num="17" count="15" type="stmt"/>
        <line num="18" count="15" type="cond" truecount="4" falsecount="0"/>
        <line num="19" count="9" type="stmt"/>
        <line num="21" count="6" type="stmt"/>
        <line num="52" count="10" type="cond" truecount="2" falsecount="0"/>
        <line num="53" count="1" type="stmt"/>
        <line num="57" count="9" type="cond" truecount="2" falsecount="0"/>
        <line num="58" count="1" type="stmt"/>
        <line num="61" count="8" type="cond" truecount="3" falsecount="0"/>
        <line num="63" count="2" type="stmt"/>
        <line num="64" count="2" type="stmt"/>
        <line num="68" count="2" type="stmt"/>
        <line num="69" count="2" type="stmt"/>
        <line num="70" count="2" type="stmt"/>
        <line num="80" count="4" type="stmt"/>
        <line num="88" count="6" type="cond" truecount="2" falsecount="0"/>
        <line num="95" count="6" type="cond" truecount="4" falsecount="0"/>
        <line num="97" count="1" type="stmt"/>
        <line num="99" count="1" type="stmt"/>
        <line num="101" count="1" type="stmt"/>
        <line num="103" count="3" type="stmt"/>
      </file>
      <file name="utils.ts" path="/Users/toni.steimle/Documents/Dev/Mirror/src/editor/utils.ts">
        <metrics statements="24" coveredstatements="24" conditionals="17" coveredconditionals="17" methods="9" coveredmethods="9"/>
        <line num="13" count="77" type="cond" truecount="2" falsecount="0"/>
        <line num="14" count="77" type="stmt"/>
        <line num="21" count="4" type="stmt"/>
        <line num="22" count="4" type="stmt"/>
        <line num="23" count="4" type="stmt"/>
        <line num="31" count="2" type="stmt"/>
        <line num="32" count="2" type="stmt"/>
        <line num="33" count="2" type="cond" truecount="2" falsecount="0"/>
        <line num="35" count="1" type="stmt"/>
        <line num="45" count="2" type="stmt"/>
        <line num="52" count="2" type="stmt"/>
        <line num="53" count="2" type="stmt"/>
        <line num="65" count="8" type="cond" truecount="2" falsecount="0"/>
        <line num="67" count="7" type="stmt"/>
        <line num="68" count="7" type="cond" truecount="5" falsecount="0"/>
        <line num="69" count="2" type="stmt"/>
        <line num="71" count="5" type="stmt"/>
        <line num="84" count="3" type="stmt"/>
        <line num="85" count="3" type="cond" truecount="2" falsecount="0"/>
        <line num="87" count="3" type="stmt"/>
        <line num="96" count="3" type="cond" truecount="2" falsecount="0"/>
        <line num="97" count="2" type="stmt"/>
        <line num="104" count="3" type="cond" truecount="2" falsecount="0"/>
        <line num="105" count="2" type="stmt"/>
      </file>
    </package>
    <package name="src.generator">
      <metrics statements="397" coveredstatements="222" conditionals="343" coveredconditionals="161" methods="85" coveredmethods="47"/>
      <file name="code-generator.ts" path="/Users/toni.steimle/Documents/Dev/Mirror/src/generator/code-generator.ts">
        <metrics statements="39" coveredstatements="34" conditionals="31" coveredconditionals="23" methods="5" coveredmethods="4"/>
        <line num="23" count="12" type="stmt"/>
        <line num="24" count="12" type="stmt"/>
        <line num="26" count="12" type="stmt"/>
        <line num="27" count="11" type="stmt"/>
        <line num="28" count="11" type="cond" truecount="2" falsecount="0"/>
        <line num="30" count="3" type="stmt"/>
        <line num="31" count="3" type="stmt"/>
        <line num="33" count="3" type="stmt"/>
        <line num="34" count="3" type="cond" truecount="2" falsecount="2"/>
        <line num="35" count="3" type="cond" truecount="1" falsecount="1"/>
        <line num="36" count="0" type="stmt"/>
        <line num="38" count="0" type="cond" truecount="0" falsecount="2"/>
        <line num="40" count="0" type="stmt"/>
        <line num="42" count="3" type="stmt"/>
        <line num="44" count="3" type="stmt"/>
        <line num="47" count="8" type="cond" truecount="2" falsecount="0"/>
        <line num="48" count="1" type="stmt"/>
        <line num="49" count="11" type="cond" truecount="2" falsecount="0"/>
        <line num="50" count="1" type="stmt"/>
        <line num="51" count="11" type="stmt"/>
        <line num="53" count="11" type="stmt"/>
        <line num="55" count="30" type="cond" truecount="2" falsecount="0"/>
        <line num="57" count="11" type="stmt"/>
        <line num="58" count="11" type="stmt"/>
        <line num="60" count="11" type="cond" truecount="4" falsecount="0"/>
        <line num="61" count="1" type="stmt"/>
        <line num="62" count="1" type="cond" truecount="1" falsecount="1"/>
        <line num="63" count="0" type="stmt"/>
        <line num="65" count="1" type="stmt"/>
        <line num="66" count="1" type="stmt"/>
        <line num="67" count="7" type="cond" truecount="4" falsecount="0"/>
        <line num="68" count="3" type="stmt"/>
        <line num="69" count="3" type="cond" truecount="1" falsecount="1"/>
        <line num="70" count="0" type="stmt"/>
        <line num="72" count="3" type="cond" truecount="1" falsecount="1"/>
        <line num="74" count="3" type="stmt"/>
        <line num="76" count="3" type="stmt"/>
        <line num="78" count="4" type="stmt"/>
        <line num="82" count="11" type="stmt"/>
      </file>
      <file name="component-registry.tsx" path="/Users/toni.steimle/Documents/Dev/Mirror/src/generator/component-registry.tsx">
        <metrics statements="11" coveredstatements="5" conditionals="2" coveredconditionals="0" methods="7" coveredmethods="3"/>
        <line num="37" count="11" type="stmt"/>
        <line num="49" count="11" type="stmt"/>
        <line num="51" count="11" type="stmt"/>
        <line num="53" count="0" type="stmt"/>
        <line num="56" count="0" type="stmt"/>
        <line num="59" count="0" type="stmt"/>
        <line num="60" count="0" type="cond" truecount="0" falsecount="2"/>
        <line num="62" count="0" type="stmt"/>
        <line num="65" count="0" type="stmt"/>
        <line num="70" count="11" type="stmt"/>
        <line num="82" count="76" type="stmt"/>
      </file>
      <file name="data-context.tsx" path="/Users/toni.steimle/Documents/Dev/Mirror/src/generator/data-context.tsx">
        <metrics statements="121" coveredstatements="68" conditionals="129" coveredconditionals="59" methods="21" coveredmethods="11"/>
        <line num="37" count="11" type="stmt"/>
        <line num="61" count="11" type="stmt"/>
        <line num="68" count="11" type="stmt"/>
        <line num="91" count="0" type="stmt"/>
        <line num="92" count="0" type="stmt"/>
        <line num="95" count="0" type="stmt"/>
        <line num="104" count="0" type="stmt"/>
        <line num="105" count="0" type="stmt"/>
        <line num="108" count="0" type="stmt"/>
        <line num="109" count="0" type="cond" truecount="0" falsecount="2"/>
        <line num="110" count="0" type="stmt"/>
        <line num="115" count="0" type="stmt"/>
        <line num="117" count="0" type="stmt"/>
        <line num="120" count="0" type="stmt"/>
        <line num="125" count="0" type="stmt"/>
        <line num="142" count="0" type="stmt"/>
        <line num="171" count="16" type="cond" truecount="4" falsecount="0"/>
        <line num="173" count="14" type="stmt"/>
        <line num="174" count="14" type="stmt"/>
        <line num="175" count="14" type="stmt"/>
        <line num="177" count="14" type="stmt"/>
        <line num="178" count="18" type="cond" truecount="3" falsecount="1"/>
        <line num="179" count="0" type="stmt"/>
        <line num="182" count="18" type="cond" truecount="1" falsecount="1"/>
        <line num="183" count="0" type="stmt"/>
        <line num="186" count="18" type="stmt"/>
        <line num="187" count="18" type="stmt"/>
        <line num="190" count="22" type="stmt"/>
        <line num="191" count="40" type="stmt"/>
        <line num="193" count="18" type="cond" truecount="4" falsecount="0"/>
        <line num="195" count="4" type="stmt"/>
        <line num="196" count="4" type="stmt"/>
        <line num="197" count="4" type="cond" truecount="1" falsecount="1"/>
        <line num="200" count="4" type="cond" truecount="1" falsecount="1"/>
        <line num="201" count="4" type="stmt"/>
        <line num="202" count="4" type="cond" truecount="1" falsecount="1"/>
        <line num="203" count="4" type="stmt"/>
        <line num="204" count="4" type="stmt"/>
        <line num="205" count="4" type="stmt"/>
        <line num="208" count="0" type="stmt"/>
        <line num="212" count="14" type="stmt"/>
        <line num="215" count="14" type="stmt"/>
        <line num="222" count="0" type="stmt"/>
        <line num="223" count="0" type="stmt"/>
        <line num="238" count="38" type="cond" truecount="2" falsecount="0"/>
        <line num="240" count="22" type="cond" truecount="2" falsecount="0"/>
        <line num="242" count="10" type="stmt"/>
        <line num="243" count="10" type="cond" truecount="2" falsecount="0"/>
        <line num="270" count="13" type="cond" truecount="4" falsecount="0"/>
        <line num="272" count="12" type="stmt"/>
        <line num="273" count="11" type="cond" truecount="2" falsecount="0"/>
        <line num="275" count="40" type="stmt"/>
        <line num="278" count="10" type="stmt"/>
        <line num="281" count="10" type="cond" truecount="2" falsecount="0"/>
        <line num="282" count="3" type="stmt"/>
        <line num="286" count="10" type="stmt"/>
        <line num="287" count="5" type="cond" truecount="2" falsecount="0"/>
        <line num="288" count="2" type="stmt"/>
        <line num="289" count="2" type="stmt"/>
[...]
        <line num="123" count="84" type="cond" truecount="1" falsecount="1"/>
        <line num="124" count="0" type="stmt"/>
        <line num="125" count="0" type="stmt"/>
        <line num="135" count="16" type="cond" truecount="2" falsecount="0"/>
        <line num="136" count="16" type="stmt"/>
        <line num="137" count="16" type="cond" truecount="1" falsecount="1"/>
        <line num="140" count="16" type="stmt"/>
        <line num="142" count="16" type="stmt"/>
        <line num="143" count="15" type="stmt"/>
        <line num="144" count="15" type="cond" truecount="2" falsecount="0"/>
        <line num="145" count="15" type="stmt"/>
        <line num="149" count="16" type="stmt"/>
        <line num="150" count="4" type="cond" truecount="1" falsecount="1"/>
        <line num="151" count="0" type="stmt"/>
        <line num="164" count="16" type="stmt"/>
        <line num="165" count="15" type="cond" truecount="2" falsecount="2"/>
        <line num="166" count="0" type="stmt"/>
      </file>
      <file name="property-validator.ts" path="/Users/toni.steimle/Documents/Dev/Mirror/src/validator/validators/property-validator.ts">
        <metrics statements="73" coveredstatements="53" conditionals="79" coveredconditionals="47" methods="9" coveredmethods="9"/>
        <line num="34" count="51" type="stmt"/>
        <line num="35" count="51" type="cond" truecount="1" falsecount="1"/>
        <line num="38" count="51" type="stmt"/>
        <line num="39" count="58" type="stmt"/>
        <line num="43" count="51" type="stmt"/>
        <line num="44" count="51" type="stmt"/>
        <line num="45" count="51" type="stmt"/>
        <line num="47" count="51" type="stmt"/>
        <line num="60" count="72" type="stmt"/>
        <line num="61" count="72" type="cond" truecount="2" falsecount="0"/>
        <line num="62" count="72" type="cond" truecount="2" falsecount="0"/>
        <line num="65" count="72" type="stmt"/>
        <line num="67" count="72" type="stmt"/>
        <line num="69" count="57" type="cond" truecount="2" falsecount="0"/>
        <line num="71" count="51" type="stmt"/>
        <line num="74" count="51" type="cond" truecount="1" falsecount="1"/>
        <line num="75" count="0" type="stmt"/>
        <line num="76" count="0" type="stmt"/>
        <line num="83" count="0" type="cond" truecount="0" falsecount="2"/>
        <line num="84" count="0" type="stmt"/>
        <line num="85" count="0" type="stmt"/>
        <line num="88" count="0" type="stmt"/>
        <line num="89" count="0" type="stmt"/>
        <line num="93" count="51" type="stmt"/>
        <line num="94" count="51" type="cond" truecount="1" falsecount="1"/>
        <line num="97" count="51" type="stmt"/>
        <line num="101" count="72" type="stmt"/>
        <line num="104" count="72" type="cond" truecount="2" falsecount="0"/>
        <line num="105" count="6" type="stmt"/>
        <line num="106" count="11" type="stmt"/>
        <line num="107" count="6" type="cond" truecount="1" falsecount="1"/>
        <line num="108" count="6" type="cond" truecount="2" falsecount="0"/>
        <line num="109" count="5" type="stmt"/>
        <line num="110" count="5" type="stmt"/>
        <line num="125" count="72" type="stmt"/>
        <line num="126" count="14" type="stmt"/>
        <line num="129" count="72" type="cond" truecount="1" falsecount="1"/>
        <line num="130" count="0" type="stmt"/>
        <line num="131" count="0" type="stmt"/>
        <line num="143" count="51" type="cond" truecount="1" falsecount="1"/>
        <line num="145" count="51" type="cond" truecount="2" falsecount="0"/>
        <line num="146" count="51" type="cond" truecount="2" falsecount="0"/>
        <line num="149" count="51" type="cond" truecount="3" falsecount="1"/>
        <line num="151" count="51" type="cond" truecount="4" falsecount="0"/>
        <line num="155" count="8" type="cond" truecount="3" falsecount="4"/>
        <line num="157" count="0" type="stmt"/>
        <line num="167" count="8" type="stmt"/>
        <line num="170" count="13" type="cond" truecount="1" falsecount="1"/>
        <line num="171" count="0" type="stmt"/>
        <line num="182" count="13" type="stmt"/>
        <line num="185" count="29" type="cond" truecount="1" falsecount="1"/>
        <line num="187" count="0" type="cond" truecount="0" falsecount="4"/>
        <line num="188" count="0" type="stmt"/>
        <line num="199" count="0" type="cond" truecount="0" falsecount="2"/>
        <line num="200" count="0" type="cond" truecount="0" falsecount="4"/>
        <line num="201" count="0" type="stmt"/>
        <line num="209" count="0" type="cond" truecount="0" falsecount="4"/>
        <line num="210" count="0" type="stmt"/>
        <line num="220" count="29" type="stmt"/>
        <line num="223" count="1" type="cond" truecount="3" falsecount="1"/>
        <line num="224" count="1" type="stmt"/>
        <line num="225" count="1" type="stmt"/>
        <line num="235" count="1" type="stmt"/>
        <line num="244" count="72" type="cond" truecount="2" falsecount="0"/>
        <line num="245" count="72" type="cond" truecount="2" falsecount="0"/>
        <line num="248" count="72" type="cond" truecount="4" falsecount="0"/>
        <line num="249" count="3" type="stmt"/>
        <line num="259" count="216" type="stmt"/>
        <line num="260" count="72" type="cond" truecount="1" falsecount="1"/>
        <line num="261" count="0" type="stmt"/>
        <line num="270" count="216" type="stmt"/>
        <line num="271" count="72" type="cond" truecount="1" falsecount="1"/>
        <line num="272" count="0" type="stmt"/>
      </file>
      <file name="reference-validator.ts" path="/Users/toni.steimle/Documents/Dev/Mirror/src/validator/validators/reference-validator.ts">
        <metrics statements="93" coveredstatements="41" conditionals="121" coveredconditionals="29" methods="9" coveredmethods="7"/>
        <line num="21" count="52" type="stmt"/>
        <line num="22" count="52" type="cond" truecount="1" falsecount="1"/>
        <line num="25" count="52" type="stmt"/>
        <line num="28" count="52" type="stmt"/>
        <line num="31" count="52" type="stmt"/>
        <line num="32" count="52" type="stmt"/>
        <line num="35" count="52" type="stmt"/>
        <line num="36" count="59" type="stmt"/>
        <line num="46" count="52" type="stmt"/>
        <line num="47" count="0" type="cond" truecount="0" falsecount="4"/>
        <line num="48" count="0" type="stmt"/>
        <line num="59" count="0" type="stmt"/>
        <line num="60" count="0" type="cond" truecount="0" falsecount="2"/>
        <line num="61" count="0" type="stmt"/>
        <line num="74" count="52" type="stmt"/>
        <line num="75" count="52" type="stmt"/>
        <line num="76" count="52" type="stmt"/>
        <line num="78" count="52" type="stmt"/>
        <line num="96" count="125" type="stmt"/>
        <line num="97" count="73" type="stmt"/>
        <line num="98" count="73" type="cond" truecount="1" falsecount="1"/>
        <line num="99" count="0" type="stmt"/>
        <line num="101" count="73" type="stmt"/>
        <line num="102" count="73" type="cond" truecount="1" falsecount="1"/>
        <line num="103" count="0" type="stmt"/>
        <line num="109" count="73" type="cond" truecount="2" falsecount="0"/>
        <line num="110" count="73" type="cond" truecount="2" falsecount="0"/>
        <line num="113" count="73" type="stmt"/>
        <line num="114" count="54" type="cond" truecount="3" falsecount="1"/>
        <line num="115" count="0" type="stmt"/>
        <line num="117" count="0" type="cond" truecount="0" falsecount="4"/>
        <line num="118" count="0" type="stmt"/>
        <line num="119" count="0" type="stmt"/>
        <line num="133" count="54" type="cond" truecount="3" falsecount="2"/>
        <line num="134" count="0" type="stmt"/>
        <line num="135" count="0" type="cond" truecount="0" falsecount="2"/>
        <line num="136" count="0" type="stmt"/>
        <line num="137" count="0" type="cond" truecount="0" falsecount="4"/>
        <line num="138" count="0" type="stmt"/>
        <line num="152" count="73" type="cond" truecount="1" falsecount="1"/>
        <line num="153" count="0" type="stmt"/>
        <line num="154" count="0" type="cond" truecount="0" falsecount="2"/>
        <line num="155" count="0" type="stmt"/>
        <line num="168" count="73" type="cond" truecount="1" falsecount="1"/>
        <line num="169" count="0" type="stmt"/>
        <line num="173" count="73" type="cond" truecount="2" falsecount="0"/>
        <line num="174" count="1" type="stmt"/>
        <line num="175" count="1" type="stmt"/>
        <line num="176" count="1" type="cond" truecount="1" falsecount="1"/>
        <line num="177" count="1" type="cond" truecount="1" falsecount="1"/>
        <line num="178" count="0" type="cond" truecount="0" falsecount="2"/>
        <line num="180" count="0" type="stmt"/>
        <line num="181" count="0" type="cond" truecount="0" falsecount="2"/>
        <line num="182" count="0" type="stmt"/>
        <line num="183" count="0" type="cond" truecount="0" falsecount="2"/>
        <line num="185" count="0" type="cond" truecount="0" falsecount="2"/>
        <line num="186" count="0" type="stmt"/>
        <line num="187" count="0" type="cond" truecount="0" falsecount="2"/>
        <line num="196" count="73" type="stmt"/>
        <line num="197" count="14" type="stmt"/>
        <line num="200" count="73" type="cond" truecount="1" falsecount="1"/>
        <line num="201" count="0" type="stmt"/>
        <line num="202" count="0" type="stmt"/>
        <line num="208" count="0" type="cond" truecount="0" falsecount="5"/>
        <line num="211" count="0" type="stmt"/>
        <line num="213" count="0" type="cond" truecount="0" falsecount="2"/>
        <line num="214" count="0" type="stmt"/>
        <line num="218" count="0" type="cond" truecount="0" falsecount="2"/>
        <line num="219" count="0" type="cond" truecount="0" falsecount="2"/>
        <line num="220" count="0" type="stmt"/>
        <line num="225" count="1" type="cond" truecount="1" falsecount="2"/>
        <line num="228" count="1" type="cond" truecount="1" falsecount="1"/>
        <line num="230" count="1" type="stmt"/>
        <line num="231" count="1" type="cond" truecount="1" falsecount="1"/>
        <line num="232" count="1" type="cond" truecount="4" falsecount="1"/>
        <line num="235" count="1" type="stmt"/>
        <line num="236" count="1" type="stmt"/>
        <line num="250" count="1" type="cond" truecount="2" falsecount="2"/>
        <line num="251" count="0" type="stmt"/>
        <line num="260" count="0" type="cond" truecount="0" falsecount="4"/>
        <line num="261" count="0" type="stmt"/>
        <line num="263" count="0" type="cond" truecount="0" falsecount="4"/>
        <line num="264" count="0" type="cond" truecount="0" falsecount="2"/>
        <line num="269" count="0" type="cond" truecount="0" falsecount="2"/>
        <line num="270" count="0" type="cond" truecount="0" falsecount="5"/>
        <line num="271" count="0" type="stmt"/>
        <line num="281" count="0" type="cond" truecount="0" falsecount="2"/>
        <line num="282" count="0" type="cond" truecount="0" falsecount="2"/>
        <line num="283" count="0" type="cond" truecount="0" falsecount="2"/>
        <line num="284" count="0" type="cond" truecount="0" falsecount="4"/>
        <line num="285" count="0" type="stmt"/>
        <line num="286" count="0" type="cond" truecount="0" falsecount="4"/>
        <line num="287" count="0" type="stmt"/>
      </file>
      <file name="state-validator.ts" path="/Users/toni.steimle/Documents/Dev/Mirror/src/validator/validators/state-validator.ts">
        <metrics statements="55" coveredstatements="43" conditionals="58" coveredconditionals="36" methods="8" coveredmethods="8"/>
        <line num="21" count="51" type="stmt"/>
        <line num="24" count="51" type="stmt"/>
        <line num="27" count="51" type="stmt"/>
        <line num="28" count="57" type="stmt"/>
        <line num="32" count="51" type="stmt"/>
        <line num="33" count="57" type="stmt"/>
        <line num="37" count="51" type="stmt"/>
        <line num="38" count="0" type="stmt"/>
        <line num="39" count="0" type="cond" truecount="0" falsecount="2"/>
        <line num="40" count="0" type="stmt"/>
        <line num="51" count="51" type="stmt"/>
        <line num="52" count="51" type="stmt"/>
        <line num="53" count="51" type="stmt"/>
        <line num="55" count="51" type="stmt"/>
        <line num="64" count="70" type="cond" truecount="2" falsecount="0"/>
        <line num="66" count="70" type="cond" truecount="4" falsecount="0"/>
        <line num="67" count="6" type="cond" truecount="2" falsecount="0"/>
        <line num="69" count="6" type="stmt"/>
        <line num="70" count="11" type="stmt"/>
        <line num="73" count="6" type="stmt"/>
        <line num="77" count="70" type="stmt"/>
        <line num="78" count="13" type="stmt"/>
        <line num="81" count="70" type="cond" truecount="1" falsecount="1"/>
        <line num="82" count="0" type="stmt"/>
        <line num="83" count="0" type="stmt"/>
        <line num="93" count="70" type="cond" truecount="2" falsecount="0"/>
        <line num="94" count="70" type="cond" truecount="2" falsecount="0"/>
        <line num="97" count="70" type="cond" truecount="2" falsecount="0"/>
        <line num="98" count="6" type="stmt"/>
        <line num="100" count="6" type="stmt"/>
        <line num="102" count="11" type="cond" truecount="1" falsecount="1"/>
        <line num="103" count="0" type="stmt"/>
        <line num="112" count="11" type="stmt"/>
        <line num="115" count="11" type="cond" truecount="2" falsecount="0"/>
        <line num="116" count="6" type="stmt"/>
        <line num="127" count="11" type="stmt"/>
        <line num="128" count="11" type="cond" truecount="2" falsecount="0"/>
        <line num="130" count="11" type="cond" truecount="4" falsecount="0"/>
        <line num="131" count="5" type="stmt"/>
        <line num="143" count="70" type="cond" truecount="2" falsecount="0"/>
        <line num="144" count="1" type="stmt"/>
        <line num="145" count="1" type="stmt"/>
        <line num="146" count="1" type="cond" truecount="1" falsecount="1"/>
        <line num="147" count="1" type="stmt"/>
        <line num="160" count="70" type="stmt"/>
        <line num="161" count="13" type="stmt"/>
        <line num="164" count="70" type="cond" truecount="1" falsecount="1"/>
        <line num="165" count="0" type="stmt"/>
        <line num="166" count="0" type="stmt"/>
        <line num="179" count="1" type="cond" truecount="2" falsecount="2"/>
        <line num="181" count="0" type="cond" truecount="0" falsecount="2"/>
        <line num="183" count="1" type="cond" truecount="1" falsecount="1"/>
        <line num="184" count="0" type="stmt"/>
        <line num="186" count="0" type="cond" truecount="0" falsecount="4"/>
        <line num="187" count="0" type="stmt"/>
      </file>
      <file name="type-validator.ts" path="/Users/toni.steimle/Documents/Dev/Mirror/src/validator/validators/type-validator.ts">
        <metrics statements="76" coveredstatements="17" conditionals="93" coveredconditionals="8" methods="11" coveredmethods="2"/>
        <line num="22" count="51" type="stmt"/>
        <line num="25" count="51" type="stmt"/>
        <line num="26" count="58" type="stmt"/>
        <line num="30" count="51" type="stmt"/>
        <line num="31" count="51" type="stmt"/>
        <line num="32" count="51" type="stmt"/>
        <line num="34" count="51" type="stmt"/>
        <line num="43" count="72" type="cond" truecount="2" falsecount="0"/>
        <line num="46" count="72" type="cond" truecount="1" falsecount="1"/>
        <line num="47" count="0" type="stmt"/>
        <line num="51" count="72" type="cond" truecount="1" falsecount="1"/>
        <line num="52" count="0" type="stmt"/>
        <line num="53" count="0" type="stmt"/>
        <line num="58" count="72" type="cond" truecount="2" falsecount="0"/>
        <line num="59" count="1" type="stmt"/>
        <line num="60" count="1" type="stmt"/>
        <line num="61" count="1" type="cond" truecount="1" falsecount="1"/>
        <line num="62" count="0" type="stmt"/>
        <line num="63" count="0" type="cond" truecount="0" falsecount="2"/>
        <line num="70" count="72" type="stmt"/>
        <line num="71" count="14" type="stmt"/>
        <line num="74" count="72" type="cond" truecount="1" falsecount="1"/>
        <line num="75" count="0" type="stmt"/>
        <line num="76" count="0" type="stmt"/>
        <line num="86" count="0" type="cond" truecount="0" falsecount="4"/>
        <line num="88" count="0" type="stmt"/>
        <line num="89" count="0" type="stmt"/>
        <line num="91" count="0" type="cond" truecount="0" falsecount="2"/>
        <line num="92" count="0" type="stmt"/>
        <line num="94" count="0" type="stmt"/>
        <line num="97" count="0" type="cond" truecount="0" falsecount="2"/>
        <line num="98" count="0" type="cond" truecount="0" falsecount="2"/>
        <line num="99" count="0" type="stmt"/>
        <line num="108" count="0" type="cond" truecount="0" falsecount="2"/>
        <line num="110" count="0" type="stmt"/>
        <line num="111" count="0" type="cond" truecount="0" falsecount="2"/>
        <line num="116" count="0" type="cond" truecount="0" falsecount="5"/>
        <line num="117" count="0" type="stmt"/>
        <line num="127" count="0" type="cond" truecount="0" falsecount="2"/>
        <line num="128" count="0" type="stmt"/>
        <line num="129" count="0" type="cond" truecount="0" falsecount="2"/>
        <line num="130" count="0" type="cond" truecount="0" falsecount="4"/>
        <line num="131" count="0" type="stmt"/>
        <line num="139" count="0" type="cond" truecount="0" falsecount="4"/>
        <line num="140" count="0" type="stmt"/>
        <line num="153" count="0" type="cond" truecount="0" falsecount="2"/>
        <line num="155" count="0" type="cond" truecount="0" falsecount="6"/>
        <line num="158" count="0" type="stmt"/>
        <line num="161" count="0" type="stmt"/>
        <line num="165" count="0" type="stmt"/>
        <line num="167" count="0" type="stmt"/>
        <line num="172" count="0" type="cond" truecount="0" falsecount="2"/>
        <line num="173" count="0" type="cond" truecount="0" falsecount="2"/>
        <line num="174" count="0" type="cond" truecount="0" falsecount="2"/>
        <line num="176" count="0" type="cond" truecount="0" falsecount="5"/>
        <line num="177" count="0" type="stmt"/>
        <line num="180" count="0" type="cond" truecount="0" falsecount="2"/>
        <line num="181" count="0" type="stmt"/>
        <line num="183" count="0" type="stmt"/>
        <line num="185" count="0" type="stmt"/>
        <line num="197" count="0" type="stmt"/>
        <line num="199" count="0" type="cond" truecount="0" falsecount="5"/>
        <line num="200" count="0" type="stmt"/>
        <line num="210" count="0" type="cond" truecount="0" falsecount="5"/>
        <line num="211" count="0" type="cond" truecount="0" falsecount="4"/>
        <line num="212" count="0" type="stmt"/>
        <line num="224" count="0" type="cond" truecount="0" falsecount="7"/>
        <line num="226" count="0" type="stmt"/>
        <line num="228" count="0" type="stmt"/>
        <line num="231" count="0" type="cond" truecount="0" falsecount="4"/>
        <line num="232" count="0" type="stmt"/>
        <line num="234" count="0" type="stmt"/>
        <line num="236" count="0" type="cond" truecount="0" falsecount="2"/>
        <line num="237" count="0" type="stmt"/>
        <line num="240" count="0" type="stmt"/>
        <line num="242" count="0" type="stmt"/>
      </file>
    </package>
  </project>
</coverage>
